<?xml version="1.0" encoding="UTF-8"?>
<!-- Generated by org.testng.reporters.JUnitReportReporter -->
<testsuite skipped="0" hostname="DESKTOP-OUFINQS" name="demo.SumValidation" tests="1" failures="0" timestamp="18 Jun 2021 14:25:06 GMT" time="1.724" errors="0">
  <testcase name="sumOfCourses" time="1.724" classname="demo.SumValidation"/>
</testsuite> <!-- demo.SumValidation -->
